<?xml version="1.0" encoding="UTF-8"?>
<!-- Generated by org.testng.reporters.JUnitReportReporter -->
<testsuite hostname="LAPTOP-N84L60DU" name="org.testing.TestScripts.TC1" tests="1" failures="0" timestamp="25 Oct 2020 08:28:46 GMT" time="39.710" errors="0">
  <testcase name="youtubeLogin" time="39.710" classname="org.testing.TestScripts.TC1"/>
</testsuite> <!-- org.testing.TestScripts.TC1 -->
